<?xml version="1.0" encoding="UTF-8"?>
<!-- Generated by org.testng.reporters.JUnitReportReporter -->
<testsuite hostname="srinivas" name="com.sample.selenium.test.SampleClassTest" tests="3" failures="3" timestamp="22 Sep 2016 11:10:01 GMT" time="0.106" errors="0">
  <testcase name="test1" time="0.007" classname="com.sample.selenium.test.SampleClassTest">
    <failure type="org.openqa.selenium.WebDriverException" message="Failed to connect to binary FirefoxBinary(C:\Program Files (x86)\Mozilla Firefox\firefox.exe) on port 7055; process output follows: 
护&quot;,&quot;description&quot;:&quot;使用 Kaspersky Lab 的扩展功能对您的互�?�网的�?护。&quot;,&quot;creator&quot;:null,&quot;homepageURL&quot;:null},{&quot;locales&quot;:[&quot;zh-Hant&quot;],&quot;name&quot;:&quot;�?�巴斯基防護&quot;,&quot;description&quot;:&quot;使用�?�巴斯基實驗室的延伸功能�?您的網際網路的防護。&quot;,&quot;creator&quot;:null,&quot;homepageURL&quot;:null}],&quot;targetApplications&quot;:[{&quot;id&quot;:&quot;{ec8030f7-c20a-464f-9b0e-13a3a9e97384}&quot;,&quot;minVersion&quot;:&quot;38.0a1&quot;,&quot;maxVersion&quot;:&quot;43.0&quot;}],&quot;targetPlatforms&quot;:[],&quot;multiprocessCompatible&quot;:false,&quot;signedState&quot;:1,&quot;seen&quot;:true}
1474542554003	DeferredSave.extensions.json	DEBUG	Save changes
1474542554003	addons.xpi	DEBUG	Updating database with changes to installed add-ons
1474542554003	addons.xpi-utils	DEBUG	Updating add-on states
1474542554006	addons.xpi-utils	DEBUG	Writing add-ons list
1474542554015	addons.xpi	DEBUG	Registering manifest for C:\Program Files (x86)\Mozilla Firefox\browser\features\e10srollout@mozilla.org.xpi
1474542554017	addons.xpi	DEBUG	Calling bootstrap method startup on e10srollout@mozilla.org version 1.0
1474542554017	addons.xpi	DEBUG	Registering manifest for C:\Program Files (x86)\Mozilla Firefox\browser\features\firefox@getpocket.com.xpi
1474542554020	addons.xpi	DEBUG	Calling bootstrap method startup on firefox@getpocket.com version 1.0.2
1474542554023	addons.xpi	DEBUG	Registering manifest for C:\Program Files (x86)\Mozilla Firefox\browser\features\loop@mozilla.org.xpi
1474542554025	addons.xpi	DEBUG	Calling bootstrap method startup on loop@mozilla.org version 1.3.2
1474542554083	addons.xpi	DEBUG	Registering manifest for C:\Program Files (x86)\Mozilla Firefox\browser\extensions\{82AF8DCA-6DE9-405D-BD5E-43525BDAD38A}.xpi
1474542554084	addons.xpi	DEBUG	Calling bootstrap method startup on {82AF8DCA-6DE9-405D-BD5E-43525BDAD38A} version 8.3.0.9150
1474542554092	addons.manager	DEBUG	Registering shutdown blocker for XPIProvider
1474542554093	addons.manager	DEBUG	Provider finished startup: XPIProvider
1474542554093	addons.manager	DEBUG	Starting provider: LightweightThemeManager
1474542554094	addons.manager	DEBUG	Registering shutdown blocker for LightweightThemeManager
1474542554094	addons.manager	DEBUG	Provider finished startup: LightweightThemeManager
1474542554096	addons.manager	DEBUG	Starting provider: GMPProvider
1474542554118	addons.manager	DEBUG	Registering shutdown blocker for GMPProvider
1474542554119	addons.manager	DEBUG	Provider finished startup: GMPProvider
1474542554119	addons.manager	DEBUG	Starting provider: PluginProvider
1474542554120	addons.manager	DEBUG	Registering shutdown blocker for PluginProvider
1474542554121	addons.manager	DEBUG	Provider finished startup: PluginProvider
1474542554122	addons.manager	DEBUG	Completed startup sequence
1474542556251	addons.manager	DEBUG	Starting provider: &lt;unnamed-provider&gt;
1474542556251	addons.manager	DEBUG	Registering shutdown blocker for &lt;unnamed-provider&gt;
1474542556252	addons.manager	DEBUG	Provider finished startup: &lt;unnamed-provider&gt;
JavaScript warning: resource://gre/modules/commonjs/toolkit/loader.js -&gt; resource://gre/modules/commonjs/sdk/system/environment.js, line 15: Proxy.create and Proxy.createFunction are deprecated, use new Proxy instead
1474542559474	DeferredSave.extensions.json	DEBUG	Write succeeded
1474542559475	addons.xpi-utils	DEBUG	XPI Database saved, setting schema version preference to 17
1474542559475	DeferredSave.extensions.json	DEBUG	Starting timer
1474542559503	DeferredSave.extensions.json	DEBUG	Starting write
1474542559526	addons.repository	DEBUG	No addons.json found.
1474542559528	DeferredSave.addons.json	DEBUG	Save changes
1474542559551	DeferredSave.addons.json	DEBUG	Starting timer
1474542567703	addons.manager	DEBUG	Starting provider: PreviousExperimentProvider
1474542567703	addons.manager	DEBUG	Registering shutdown blocker for PreviousExperimentProvider
1474542567704	addons.manager	DEBUG	Provider finished startup: PreviousExperimentProvider
1474542567712	DeferredSave.addons.json	DEBUG	Starting write
1474542567793	DeferredSave.extensions.json	DEBUG	Write succeeded
1474542568817	DeferredSave.addons.json	DEBUG	Write succeeded

Build info: version: &#039;2.53.0&#039;, revision: &#039;35ae25b1534ae328c771e0856c93e187490ca824&#039;, time: &#039;2016-03-15 10:43:46&#039;
System info: host: &#039;srinivas&#039;, ip: &#039;192.168.70.1&#039;, os.name: &#039;Windows 8.1&#039;, os.arch: &#039;amd64&#039;, os.version: &#039;6.3&#039;, java.version: &#039;1.8.0_65&#039;
Driver info: driver.version: FirefoxDriver">
      <![CDATA[org.openqa.selenium.WebDriverException: Failed to connect to binary FirefoxBinary(C:\Program Files (x86)\Mozilla Firefox\firefox.exe) on port 7055; process output follows: 
护","description":"使用 Kaspersky Lab 的扩展功能对您的互�?�网的�?护。","creator":null,"homepageURL":null},{"locales":["zh-Hant"],"name":"�?�巴斯基防護","description":"使用�?�巴斯基實驗室的延伸功能�?您的網際網路的防護。","creator":null,"homepageURL":null}],"targetApplications":[{"id":"{ec8030f7-c20a-464f-9b0e-13a3a9e97384}","minVersion":"38.0a1","maxVersion":"43.0"}],"targetPlatforms":[],"multiprocessCompatible":false,"signedState":1,"seen":true}
1474542554003	DeferredSave.extensions.json	DEBUG	Save changes
1474542554003	addons.xpi	DEBUG	Updating database with changes to installed add-ons
1474542554003	addons.xpi-utils	DEBUG	Updating add-on states
1474542554006	addons.xpi-utils	DEBUG	Writing add-ons list
1474542554015	addons.xpi	DEBUG	Registering manifest for C:\Program Files (x86)\Mozilla Firefox\browser\features\e10srollout@mozilla.org.xpi
1474542554017	addons.xpi	DEBUG	Calling bootstrap method startup on e10srollout@mozilla.org version 1.0
1474542554017	addons.xpi	DEBUG	Registering manifest for C:\Program Files (x86)\Mozilla Firefox\browser\features\firefox@getpocket.com.xpi
1474542554020	addons.xpi	DEBUG	Calling bootstrap method startup on firefox@getpocket.com version 1.0.2
1474542554023	addons.xpi	DEBUG	Registering manifest for C:\Program Files (x86)\Mozilla Firefox\browser\features\loop@mozilla.org.xpi
1474542554025	addons.xpi	DEBUG	Calling bootstrap method startup on loop@mozilla.org version 1.3.2
1474542554083	addons.xpi	DEBUG	Registering manifest for C:\Program Files (x86)\Mozilla Firefox\browser\extensions\{82AF8DCA-6DE9-405D-BD5E-43525BDAD38A}.xpi
1474542554084	addons.xpi	DEBUG	Calling bootstrap method startup on {82AF8DCA-6DE9-405D-BD5E-43525BDAD38A} version 8.3.0.9150
1474542554092	addons.manager	DEBUG	Registering shutdown blocker for XPIProvider
1474542554093	addons.manager	DEBUG	Provider finished startup: XPIProvider
1474542554093	addons.manager	DEBUG	Starting provider: LightweightThemeManager
1474542554094	addons.manager	DEBUG	Registering shutdown blocker for LightweightThemeManager
1474542554094	addons.manager	DEBUG	Provider finished startup: LightweightThemeManager
1474542554096	addons.manager	DEBUG	Starting provider: GMPProvider
1474542554118	addons.manager	DEBUG	Registering shutdown blocker for GMPProvider
1474542554119	addons.manager	DEBUG	Provider finished startup: GMPProvider
1474542554119	addons.manager	DEBUG	Starting provider: PluginProvider
1474542554120	addons.manager	DEBUG	Registering shutdown blocker for PluginProvider
1474542554121	addons.manager	DEBUG	Provider finished startup: PluginProvider
1474542554122	addons.manager	DEBUG	Completed startup sequence
1474542556251	addons.manager	DEBUG	Starting provider: <unnamed-provider>
1474542556251	addons.manager	DEBUG	Registering shutdown blocker for <unnamed-provider>
1474542556252	addons.manager	DEBUG	Provider finished startup: <unnamed-provider>
JavaScript warning: resource://gre/modules/commonjs/toolkit/loader.js -> resource://gre/modules/commonjs/sdk/system/environment.js, line 15: Proxy.create and Proxy.createFunction are deprecated, use new Proxy instead
1474542559474	DeferredSave.extensions.json	DEBUG	Write succeeded
1474542559475	addons.xpi-utils	DEBUG	XPI Database saved, setting schema version preference to 17
1474542559475	DeferredSave.extensions.json	DEBUG	Starting timer
1474542559503	DeferredSave.extensions.json	DEBUG	Starting write
1474542559526	addons.repository	DEBUG	No addons.json found.
1474542559528	DeferredSave.addons.json	DEBUG	Save changes
1474542559551	DeferredSave.addons.json	DEBUG	Starting timer
1474542567703	addons.manager	DEBUG	Starting provider: PreviousExperimentProvider
1474542567703	addons.manager	DEBUG	Registering shutdown blocker for PreviousExperimentProvider
1474542567704	addons.manager	DEBUG	Provider finished startup: PreviousExperimentProvider
1474542567712	DeferredSave.addons.json	DEBUG	Starting write
1474542567793	DeferredSave.extensions.json	DEBUG	Write succeeded
1474542568817	DeferredSave.addons.json	DEBUG	Write succeeded

Build info: version: '2.53.0', revision: '35ae25b1534ae328c771e0856c93e187490ca824', time: '2016-03-15 10:43:46'
System info: host: 'srinivas', ip: '192.168.70.1', os.name: 'Windows 8.1', os.arch: 'amd64', os.version: '6.3', java.version: '1.8.0_65'
Driver info: driver.version: FirefoxDriver
	at org.openqa.selenium.firefox.internal.NewProfileExtensionConnection.start(NewProfileExtensionConnection.java:125)
	at org.openqa.selenium.firefox.FirefoxDriver.startClient(FirefoxDriver.java:271)
	at org.openqa.selenium.remote.RemoteWebDriver.<init>(RemoteWebDriver.java:119)
	at org.openqa.selenium.firefox.FirefoxDriver.<init>(FirefoxDriver.java:216)
	at org.openqa.selenium.firefox.FirefoxDriver.<init>(FirefoxDriver.java:211)
	at org.openqa.selenium.firefox.FirefoxDriver.<init>(FirefoxDriver.java:207)
	at org.openqa.selenium.firefox.FirefoxDriver.<init>(FirefoxDriver.java:120)
	at com.sample.selenium.test.SampleClassTest.beforeMethod(SampleClassTest.java:21)
	at sun.reflect.NativeMethodAccessorImpl.invoke0(Native Method)
	at sun.reflect.NativeMethodAccessorImpl.invoke(NativeMethodAccessorImpl.java:62)
	at sun.reflect.DelegatingMethodAccessorImpl.invoke(DelegatingMethodAccessorImpl.java:43)
	at java.lang.reflect.Method.invoke(Method.java:497)
	at org.testng.internal.MethodInvocationHelper.invokeMethod(MethodInvocationHelper.java:80)
	at org.testng.internal.Invoker.invokeConfigurationMethod(Invoker.java:564)
	at org.testng.internal.Invoker.invokeConfigurations(Invoker.java:213)
	at org.testng.internal.Invoker.invokeMethod(Invoker.java:653)
	at org.testng.internal.Invoker.invokeTestMethod(Invoker.java:901)
	at org.testng.internal.Invoker.invokeTestMethods(Invoker.java:1231)
	at org.testng.internal.TestMethodWorker.invokeTestMethods(TestMethodWorker.java:127)
	at org.testng.internal.TestMethodWorker.run(TestMethodWorker.java:111)
	at org.testng.TestRunner.privateRun(TestRunner.java:767)
	at org.testng.TestRunner.run(TestRunner.java:617)
	at org.testng.SuiteRunner.runTest(SuiteRunner.java:334)
	at org.testng.SuiteRunner.runSequentially(SuiteRunner.java:329)
	at org.testng.SuiteRunner.privateRun(SuiteRunner.java:291)
	at org.testng.SuiteRunner.run(SuiteRunner.java:240)
	at org.testng.SuiteRunnerWorker.runSuite(SuiteRunnerWorker.java:52)
	at org.testng.SuiteRunnerWorker.run(SuiteRunnerWorker.java:86)
	at org.testng.TestNG.runSuitesSequentially(TestNG.java:1198)
	at org.testng.TestNG.runSuitesLocally(TestNG.java:1123)
	at org.testng.TestNG.run(TestNG.java:1031)
	at org.testng.remote.AbstractRemoteTestNG.run(AbstractRemoteTestNG.java:126)
	at org.testng.remote.RemoteTestNG.initAndRun(RemoteTestNG.java:152)
	at org.testng.remote.RemoteTestNG.main(RemoteTestNG.java:57)
Caused by: org.openqa.selenium.firefox.NotConnectedException: Unable to connect to host 127.0.0.1 on port 7055 after 45000 ms. Firefox console output:
护","description":"使用 Kaspersky Lab 的扩展功能对您的互�?�网的�?护。","creator":null,"homepageURL":null},{"locales":["zh-Hant"],"name":"�?�巴斯基防護","description":"使用�?�巴斯基實驗室的延伸功能�?您的網際網路的防護。","creator":null,"homepageURL":null}],"targetApplications":[{"id":"{ec8030f7-c20a-464f-9b0e-13a3a9e97384}","minVersion":"38.0a1","maxVersion":"43.0"}],"targetPlatforms":[],"multiprocessCompatible":false,"signedState":1,"seen":true}
1474542554003	DeferredSave.extensions.json	DEBUG	Save changes
1474542554003	addons.xpi	DEBUG	Updating database with changes to installed add-ons
1474542554003	addons.xpi-utils	DEBUG	Updating add-on states
1474542554006	addons.xpi-utils	DEBUG	Writing add-ons list
1474542554015	addons.xpi	DEBUG	Registering manifest for C:\Program Files (x86)\Mozilla Firefox\browser\features\e10srollout@mozilla.org.xpi
1474542554017	addons.xpi	DEBUG	Calling bootstrap method startup on e10srollout@mozilla.org version 1.0
1474542554017	addons.xpi	DEBUG	Registering manifest for C:\Program Files (x86)\Mozilla Firefox\browser\features\firefox@getpocket.com.xpi
1474542554020	addons.xpi	DEBUG	Calling bootstrap method startup on firefox@getpocket.com version 1.0.2
1474542554023	addons.xpi	DEBUG	Registering manifest for C:\Program Files (x86)\Mozilla Firefox\browser\features\loop@mozilla.org.xpi
1474542554025	addons.xpi	DEBUG	Calling bootstrap method startup on loop@mozilla.org version 1.3.2
1474542554083	addons.xpi	DEBUG	Registering manifest for C:\Program Files (x86)\Mozilla Firefox\browser\extensions\{82AF8DCA-6DE9-405D-BD5E-43525BDAD38A}.xpi
1474542554084	addons.xpi	DEBUG	Calling bootstrap method startup on {82AF8DCA-6DE9-405D-BD5E-43525BDAD38A} version 8.3.0.9150
1474542554092	addons.manager	DEBUG	Registering shutdown blocker for XPIProvider
1474542554093	addons.manager	DEBUG	Provider finished startup: XPIProvider
1474542554093	addons.manager	DEBUG	Starting provider: LightweightThemeManager
1474542554094	addons.manager	DEBUG	Registering shutdown blocker for LightweightThemeManager
1474542554094	addons.manager	DEBUG	Provider finished startup: LightweightThemeManager
1474542554096	addons.manager	DEBUG	Starting provider: GMPProvider
1474542554118	addons.manager	DEBUG	Registering shutdown blocker for GMPProvider
1474542554119	addons.manager	DEBUG	Provider finished startup: GMPProvider
1474542554119	addons.manager	DEBUG	Starting provider: PluginProvider
1474542554120	addons.manager	DEBUG	Registering shutdown blocker for PluginProvider
1474542554121	addons.manager	DEBUG	Provider finished startup: PluginProvider
1474542554122	addons.manager	DEBUG	Completed startup sequence
1474542556251	addons.manager	DEBUG	Starting provider: <unnamed-provider>
1474542556251	addons.manager	DEBUG	Registering shutdown blocker for <unnamed-provider>
1474542556252	addons.manager	DEBUG	Provider finished startup: <unnamed-provider>
JavaScript warning: resource://gre/modules/commonjs/toolkit/loader.js -> resource://gre/modules/commonjs/sdk/system/environment.js, line 15: Proxy.create and Proxy.createFunction are deprecated, use new Proxy instead
1474542559474	DeferredSave.extensions.json	DEBUG	Write succeeded
1474542559475	addons.xpi-utils	DEBUG	XPI Database saved, setting schema version preference to 17
1474542559475	DeferredSave.extensions.json	DEBUG	Starting timer
1474542559503	DeferredSave.extensions.json	DEBUG	Starting write
1474542559526	addons.repository	DEBUG	No addons.json found.
1474542559528	DeferredSave.addons.json	DEBUG	Save changes
1474542559551	DeferredSave.addons.json	DEBUG	Starting timer
1474542567703	addons.manager	DEBUG	Starting provider: PreviousExperimentProvider
1474542567703	addons.manager	DEBUG	Registering shutdown blocker for PreviousExperimentProvider
1474542567704	addons.manager	DEBUG	Provider finished startup: PreviousExperimentProvider
1474542567712	DeferredSave.addons.json	DEBUG	Starting write
1474542567793	DeferredSave.extensions.json	DEBUG	Write succeeded
1474542568817	DeferredSave.addons.json	DEBUG	Write succeeded

	at org.openqa.selenium.firefox.internal.NewProfileExtensionConnection.start(NewProfileExtensionConnection.java:113)
	... 33 more
]]>
    </failure>
  </testcase> <!-- test1 -->
  <testcase name="test3" time="0.005" classname="com.sample.selenium.test.SampleClassTest">
    <failure type="org.openqa.selenium.WebDriverException" message="Failed to connect to binary FirefoxBinary(C:\Program Files (x86)\Mozilla Firefox\firefox.exe) on port 7055; process output follows: 
护&quot;,&quot;description&quot;:&quot;使用 Kaspersky Lab 的扩展功能对您的互�?�网的�?护。&quot;,&quot;creator&quot;:null,&quot;homepageURL&quot;:null},{&quot;locales&quot;:[&quot;zh-Hant&quot;],&quot;name&quot;:&quot;�?�巴斯基防護&quot;,&quot;description&quot;:&quot;使用�?�巴斯基實驗室的延伸功能�?您的網際網路的防護。&quot;,&quot;creator&quot;:null,&quot;homepageURL&quot;:null}],&quot;targetApplications&quot;:[{&quot;id&quot;:&quot;{ec8030f7-c20a-464f-9b0e-13a3a9e97384}&quot;,&quot;minVersion&quot;:&quot;38.0a1&quot;,&quot;maxVersion&quot;:&quot;43.0&quot;}],&quot;targetPlatforms&quot;:[],&quot;multiprocessCompatible&quot;:false,&quot;signedState&quot;:1,&quot;seen&quot;:true}
1474542554003	DeferredSave.extensions.json	DEBUG	Save changes
1474542554003	addons.xpi	DEBUG	Updating database with changes to installed add-ons
1474542554003	addons.xpi-utils	DEBUG	Updating add-on states
1474542554006	addons.xpi-utils	DEBUG	Writing add-ons list
1474542554015	addons.xpi	DEBUG	Registering manifest for C:\Program Files (x86)\Mozilla Firefox\browser\features\e10srollout@mozilla.org.xpi
1474542554017	addons.xpi	DEBUG	Calling bootstrap method startup on e10srollout@mozilla.org version 1.0
1474542554017	addons.xpi	DEBUG	Registering manifest for C:\Program Files (x86)\Mozilla Firefox\browser\features\firefox@getpocket.com.xpi
1474542554020	addons.xpi	DEBUG	Calling bootstrap method startup on firefox@getpocket.com version 1.0.2
1474542554023	addons.xpi	DEBUG	Registering manifest for C:\Program Files (x86)\Mozilla Firefox\browser\features\loop@mozilla.org.xpi
1474542554025	addons.xpi	DEBUG	Calling bootstrap method startup on loop@mozilla.org version 1.3.2
1474542554083	addons.xpi	DEBUG	Registering manifest for C:\Program Files (x86)\Mozilla Firefox\browser\extensions\{82AF8DCA-6DE9-405D-BD5E-43525BDAD38A}.xpi
1474542554084	addons.xpi	DEBUG	Calling bootstrap method startup on {82AF8DCA-6DE9-405D-BD5E-43525BDAD38A} version 8.3.0.9150
1474542554092	addons.manager	DEBUG	Registering shutdown blocker for XPIProvider
1474542554093	addons.manager	DEBUG	Provider finished startup: XPIProvider
1474542554093	addons.manager	DEBUG	Starting provider: LightweightThemeManager
1474542554094	addons.manager	DEBUG	Registering shutdown blocker for LightweightThemeManager
1474542554094	addons.manager	DEBUG	Provider finished startup: LightweightThemeManager
1474542554096	addons.manager	DEBUG	Starting provider: GMPProvider
1474542554118	addons.manager	DEBUG	Registering shutdown blocker for GMPProvider
1474542554119	addons.manager	DEBUG	Provider finished startup: GMPProvider
1474542554119	addons.manager	DEBUG	Starting provider: PluginProvider
1474542554120	addons.manager	DEBUG	Registering shutdown blocker for PluginProvider
1474542554121	addons.manager	DEBUG	Provider finished startup: PluginProvider
1474542554122	addons.manager	DEBUG	Completed startup sequence
1474542556251	addons.manager	DEBUG	Starting provider: &lt;unnamed-provider&gt;
1474542556251	addons.manager	DEBUG	Registering shutdown blocker for &lt;unnamed-provider&gt;
1474542556252	addons.manager	DEBUG	Provider finished startup: &lt;unnamed-provider&gt;
JavaScript warning: resource://gre/modules/commonjs/toolkit/loader.js -&gt; resource://gre/modules/commonjs/sdk/system/environment.js, line 15: Proxy.create and Proxy.createFunction are deprecated, use new Proxy instead
1474542559474	DeferredSave.extensions.json	DEBUG	Write succeeded
1474542559475	addons.xpi-utils	DEBUG	XPI Database saved, setting schema version preference to 17
1474542559475	DeferredSave.extensions.json	DEBUG	Starting timer
1474542559503	DeferredSave.extensions.json	DEBUG	Starting write
1474542559526	addons.repository	DEBUG	No addons.json found.
1474542559528	DeferredSave.addons.json	DEBUG	Save changes
1474542559551	DeferredSave.addons.json	DEBUG	Starting timer
1474542567703	addons.manager	DEBUG	Starting provider: PreviousExperimentProvider
1474542567703	addons.manager	DEBUG	Registering shutdown blocker for PreviousExperimentProvider
1474542567704	addons.manager	DEBUG	Provider finished startup: PreviousExperimentProvider
1474542567712	DeferredSave.addons.json	DEBUG	Starting write
1474542567793	DeferredSave.extensions.json	DEBUG	Write succeeded
1474542568817	DeferredSave.addons.json	DEBUG	Write succeeded

Build info: version: &#039;2.53.0&#039;, revision: &#039;35ae25b1534ae328c771e0856c93e187490ca824&#039;, time: &#039;2016-03-15 10:43:46&#039;
System info: host: &#039;srinivas&#039;, ip: &#039;192.168.70.1&#039;, os.name: &#039;Windows 8.1&#039;, os.arch: &#039;amd64&#039;, os.version: &#039;6.3&#039;, java.version: &#039;1.8.0_65&#039;
Driver info: driver.version: FirefoxDriver">
      <![CDATA[org.openqa.selenium.WebDriverException: Failed to connect to binary FirefoxBinary(C:\Program Files (x86)\Mozilla Firefox\firefox.exe) on port 7055; process output follows: 
护","description":"使用 Kaspersky Lab 的扩展功能对您的互�?�网的�?护。","creator":null,"homepageURL":null},{"locales":["zh-Hant"],"name":"�?�巴斯基防護","description":"使用�?�巴斯基實驗室的延伸功能�?您的網際網路的防護。","creator":null,"homepageURL":null}],"targetApplications":[{"id":"{ec8030f7-c20a-464f-9b0e-13a3a9e97384}","minVersion":"38.0a1","maxVersion":"43.0"}],"targetPlatforms":[],"multiprocessCompatible":false,"signedState":1,"seen":true}
1474542554003	DeferredSave.extensions.json	DEBUG	Save changes
1474542554003	addons.xpi	DEBUG	Updating database with changes to installed add-ons
1474542554003	addons.xpi-utils	DEBUG	Updating add-on states
1474542554006	addons.xpi-utils	DEBUG	Writing add-ons list
1474542554015	addons.xpi	DEBUG	Registering manifest for C:\Program Files (x86)\Mozilla Firefox\browser\features\e10srollout@mozilla.org.xpi
1474542554017	addons.xpi	DEBUG	Calling bootstrap method startup on e10srollout@mozilla.org version 1.0
1474542554017	addons.xpi	DEBUG	Registering manifest for C:\Program Files (x86)\Mozilla Firefox\browser\features\firefox@getpocket.com.xpi
1474542554020	addons.xpi	DEBUG	Calling bootstrap method startup on firefox@getpocket.com version 1.0.2
1474542554023	addons.xpi	DEBUG	Registering manifest for C:\Program Files (x86)\Mozilla Firefox\browser\features\loop@mozilla.org.xpi
1474542554025	addons.xpi	DEBUG	Calling bootstrap method startup on loop@mozilla.org version 1.3.2
1474542554083	addons.xpi	DEBUG	Registering manifest for C:\Program Files (x86)\Mozilla Firefox\browser\extensions\{82AF8DCA-6DE9-405D-BD5E-43525BDAD38A}.xpi
1474542554084	addons.xpi	DEBUG	Calling bootstrap method startup on {82AF8DCA-6DE9-405D-BD5E-43525BDAD38A} version 8.3.0.9150
1474542554092	addons.manager	DEBUG	Registering shutdown blocker for XPIProvider
1474542554093	addons.manager	DEBUG	Provider finished startup: XPIProvider
1474542554093	addons.manager	DEBUG	Starting provider: LightweightThemeManager
1474542554094	addons.manager	DEBUG	Registering shutdown blocker for LightweightThemeManager
1474542554094	addons.manager	DEBUG	Provider finished startup: LightweightThemeManager
1474542554096	addons.manager	DEBUG	Starting provider: GMPProvider
1474542554118	addons.manager	DEBUG	Registering shutdown blocker for GMPProvider
1474542554119	addons.manager	DEBUG	Provider finished startup: GMPProvider
1474542554119	addons.manager	DEBUG	Starting provider: PluginProvider
1474542554120	addons.manager	DEBUG	Registering shutdown blocker for PluginProvider
1474542554121	addons.manager	DEBUG	Provider finished startup: PluginProvider
1474542554122	addons.manager	DEBUG	Completed startup sequence
1474542556251	addons.manager	DEBUG	Starting provider: <unnamed-provider>
1474542556251	addons.manager	DEBUG	Registering shutdown blocker for <unnamed-provider>
1474542556252	addons.manager	DEBUG	Provider finished startup: <unnamed-provider>
JavaScript warning: resource://gre/modules/commonjs/toolkit/loader.js -> resource://gre/modules/commonjs/sdk/system/environment.js, line 15: Proxy.create and Proxy.createFunction are deprecated, use new Proxy instead
1474542559474	DeferredSave.extensions.json	DEBUG	Write succeeded
1474542559475	addons.xpi-utils	DEBUG	XPI Database saved, setting schema version preference to 17
1474542559475	DeferredSave.extensions.json	DEBUG	Starting timer
1474542559503	DeferredSave.extensions.json	DEBUG	Starting write
1474542559526	addons.repository	DEBUG	No addons.json found.
1474542559528	DeferredSave.addons.json	DEBUG	Save changes
1474542559551	DeferredSave.addons.json	DEBUG	Starting timer
1474542567703	addons.manager	DEBUG	Starting provider: PreviousExperimentProvider
1474542567703	addons.manager	DEBUG	Registering shutdown blocker for PreviousExperimentProvider
1474542567704	addons.manager	DEBUG	Provider finished startup: PreviousExperimentProvider
1474542567712	DeferredSave.addons.json	DEBUG	Starting write
1474542567793	DeferredSave.extensions.json	DEBUG	Write succeeded
1474542568817	DeferredSave.addons.json	DEBUG	Write succeeded

Build info: version: '2.53.0', revision: '35ae25b1534ae328c771e0856c93e187490ca824', time: '2016-03-15 10:43:46'
System info: host: 'srinivas', ip: '192.168.70.1', os.name: 'Windows 8.1', os.arch: 'amd64', os.version: '6.3', java.version: '1.8.0_65'
Driver info: driver.version: FirefoxDriver
	at org.openqa.selenium.firefox.internal.NewProfileExtensionConnection.start(NewProfileExtensionConnection.java:125)
	at org.openqa.selenium.firefox.FirefoxDriver.startClient(FirefoxDriver.java:271)
	at org.openqa.selenium.remote.RemoteWebDriver.<init>(RemoteWebDriver.java:119)
	at org.openqa.selenium.firefox.FirefoxDriver.<init>(FirefoxDriver.java:216)
	at org.openqa.selenium.firefox.FirefoxDriver.<init>(FirefoxDriver.java:211)
	at org.openqa.selenium.firefox.FirefoxDriver.<init>(FirefoxDriver.java:207)
	at org.openqa.selenium.firefox.FirefoxDriver.<init>(FirefoxDriver.java:120)
	at com.sample.selenium.test.SampleClassTest.beforeMethod(SampleClassTest.java:21)
	at sun.reflect.NativeMethodAccessorImpl.invoke0(Native Method)
	at sun.reflect.NativeMethodAccessorImpl.invoke(NativeMethodAccessorImpl.java:62)
	at sun.reflect.DelegatingMethodAccessorImpl.invoke(DelegatingMethodAccessorImpl.java:43)
	at java.lang.reflect.Method.invoke(Method.java:497)
	at org.testng.internal.MethodInvocationHelper.invokeMethod(MethodInvocationHelper.java:80)
	at org.testng.internal.Invoker.invokeConfigurationMethod(Invoker.java:564)
	at org.testng.internal.Invoker.invokeConfigurations(Invoker.java:213)
	at org.testng.internal.Invoker.invokeMethod(Invoker.java:653)
	at org.testng.internal.Invoker.invokeTestMethod(Invoker.java:901)
	at org.testng.internal.Invoker.invokeTestMethods(Invoker.java:1231)
	at org.testng.internal.TestMethodWorker.invokeTestMethods(TestMethodWorker.java:127)
	at org.testng.internal.TestMethodWorker.run(TestMethodWorker.java:111)
	at org.testng.TestRunner.privateRun(TestRunner.java:767)
	at org.testng.TestRunner.run(TestRunner.java:617)
	at org.testng.SuiteRunner.runTest(SuiteRunner.java:334)
	at org.testng.SuiteRunner.runSequentially(SuiteRunner.java:329)
	at org.testng.SuiteRunner.privateRun(SuiteRunner.java:291)
	at org.testng.SuiteRunner.run(SuiteRunner.java:240)
	at org.testng.SuiteRunnerWorker.runSuite(SuiteRunnerWorker.java:52)
	at org.testng.SuiteRunnerWorker.run(SuiteRunnerWorker.java:86)
	at org.testng.TestNG.runSuitesSequentially(TestNG.java:1198)
	at org.testng.TestNG.runSuitesLocally(TestNG.java:1123)
	at org.testng.TestNG.run(TestNG.java:1031)
	at org.testng.remote.AbstractRemoteTestNG.run(AbstractRemoteTestNG.java:126)
	at org.testng.remote.RemoteTestNG.initAndRun(RemoteTestNG.java:152)
	at org.testng.remote.RemoteTestNG.main(RemoteTestNG.java:57)
Caused by: org.openqa.selenium.firefox.NotConnectedException: Unable to connect to host 127.0.0.1 on port 7055 after 45000 ms. Firefox console output:
护","description":"使用 Kaspersky Lab 的扩展功能对您的互�?�网的�?护。","creator":null,"homepageURL":null},{"locales":["zh-Hant"],"name":"�?�巴斯基防護","description":"使用�?�巴斯基實驗室的延伸功能�?您的網際網路的防護。","creator":null,"homepageURL":null}],"targetApplications":[{"id":"{ec8030f7-c20a-464f-9b0e-13a3a9e97384}","minVersion":"38.0a1","maxVersion":"43.0"}],"targetPlatforms":[],"multiprocessCompatible":false,"signedState":1,"seen":true}
1474542554003	DeferredSave.extensions.json	DEBUG	Save changes
1474542554003	addons.xpi	DEBUG	Updating database with changes to installed add-ons
1474542554003	addons.xpi-utils	DEBUG	Updating add-on states
1474542554006	addons.xpi-utils	DEBUG	Writing add-ons list
1474542554015	addons.xpi	DEBUG	Registering manifest for C:\Program Files (x86)\Mozilla Firefox\browser\features\e10srollout@mozilla.org.xpi
1474542554017	addons.xpi	DEBUG	Calling bootstrap method startup on e10srollout@mozilla.org version 1.0
1474542554017	addons.xpi	DEBUG	Registering manifest for C:\Program Files (x86)\Mozilla Firefox\browser\features\firefox@getpocket.com.xpi
1474542554020	addons.xpi	DEBUG	Calling bootstrap method startup on firefox@getpocket.com version 1.0.2
1474542554023	addons.xpi	DEBUG	Registering manifest for C:\Program Files (x86)\Mozilla Firefox\browser\features\loop@mozilla.org.xpi
1474542554025	addons.xpi	DEBUG	Calling bootstrap method startup on loop@mozilla.org version 1.3.2
1474542554083	addons.xpi	DEBUG	Registering manifest for C:\Program Files (x86)\Mozilla Firefox\browser\extensions\{82AF8DCA-6DE9-405D-BD5E-43525BDAD38A}.xpi
1474542554084	addons.xpi	DEBUG	Calling bootstrap method startup on {82AF8DCA-6DE9-405D-BD5E-43525BDAD38A} version 8.3.0.9150
1474542554092	addons.manager	DEBUG	Registering shutdown blocker for XPIProvider
1474542554093	addons.manager	DEBUG	Provider finished startup: XPIProvider
1474542554093	addons.manager	DEBUG	Starting provider: LightweightThemeManager
1474542554094	addons.manager	DEBUG	Registering shutdown blocker for LightweightThemeManager
1474542554094	addons.manager	DEBUG	Provider finished startup: LightweightThemeManager
1474542554096	addons.manager	DEBUG	Starting provider: GMPProvider
1474542554118	addons.manager	DEBUG	Registering shutdown blocker for GMPProvider
1474542554119	addons.manager	DEBUG	Provider finished startup: GMPProvider
1474542554119	addons.manager	DEBUG	Starting provider: PluginProvider
1474542554120	addons.manager	DEBUG	Registering shutdown blocker for PluginProvider
1474542554121	addons.manager	DEBUG	Provider finished startup: PluginProvider
1474542554122	addons.manager	DEBUG	Completed startup sequence
1474542556251	addons.manager	DEBUG	Starting provider: <unnamed-provider>
1474542556251	addons.manager	DEBUG	Registering shutdown blocker for <unnamed-provider>
1474542556252	addons.manager	DEBUG	Provider finished startup: <unnamed-provider>
JavaScript warning: resource://gre/modules/commonjs/toolkit/loader.js -> resource://gre/modules/commonjs/sdk/system/environment.js, line 15: Proxy.create and Proxy.createFunction are deprecated, use new Proxy instead
1474542559474	DeferredSave.extensions.json	DEBUG	Write succeeded
1474542559475	addons.xpi-utils	DEBUG	XPI Database saved, setting schema version preference to 17
1474542559475	DeferredSave.extensions.json	DEBUG	Starting timer
1474542559503	DeferredSave.extensions.json	DEBUG	Starting write
1474542559526	addons.repository	DEBUG	No addons.json found.
1474542559528	DeferredSave.addons.json	DEBUG	Save changes
1474542559551	DeferredSave.addons.json	DEBUG	Starting timer
1474542567703	addons.manager	DEBUG	Starting provider: PreviousExperimentProvider
1474542567703	addons.manager	DEBUG	Registering shutdown blocker for PreviousExperimentProvider
1474542567704	addons.manager	DEBUG	Provider finished startup: PreviousExperimentProvider
1474542567712	DeferredSave.addons.json	DEBUG	Starting write
1474542567793	DeferredSave.extensions.json	DEBUG	Write succeeded
1474542568817	DeferredSave.addons.json	DEBUG	Write succeeded

	at org.openqa.selenium.firefox.internal.NewProfileExtensionConnection.start(NewProfileExtensionConnection.java:113)
	... 33 more
]]>
    </failure>
  </testcase> <!-- test3 -->
  <testcase name="test2" time="0.094" classname="com.sample.selenium.test.SampleClassTest">
    <failure type="org.openqa.selenium.WebDriverException" message="Failed to connect to binary FirefoxBinary(C:\Program Files (x86)\Mozilla Firefox\firefox.exe) on port 7055; process output follows: 
护&quot;,&quot;description&quot;:&quot;使用 Kaspersky Lab 的扩展功能对您的互�?�网的�?护。&quot;,&quot;creator&quot;:null,&quot;homepageURL&quot;:null},{&quot;locales&quot;:[&quot;zh-Hant&quot;],&quot;name&quot;:&quot;�?�巴斯基防護&quot;,&quot;description&quot;:&quot;使用�?�巴斯基實驗室的延伸功能�?您的網際網路的防護。&quot;,&quot;creator&quot;:null,&quot;homepageURL&quot;:null}],&quot;targetApplications&quot;:[{&quot;id&quot;:&quot;{ec8030f7-c20a-464f-9b0e-13a3a9e97384}&quot;,&quot;minVersion&quot;:&quot;38.0a1&quot;,&quot;maxVersion&quot;:&quot;43.0&quot;}],&quot;targetPlatforms&quot;:[],&quot;multiprocessCompatible&quot;:false,&quot;signedState&quot;:1,&quot;seen&quot;:true}
1474542554003	DeferredSave.extensions.json	DEBUG	Save changes
1474542554003	addons.xpi	DEBUG	Updating database with changes to installed add-ons
1474542554003	addons.xpi-utils	DEBUG	Updating add-on states
1474542554006	addons.xpi-utils	DEBUG	Writing add-ons list
1474542554015	addons.xpi	DEBUG	Registering manifest for C:\Program Files (x86)\Mozilla Firefox\browser\features\e10srollout@mozilla.org.xpi
1474542554017	addons.xpi	DEBUG	Calling bootstrap method startup on e10srollout@mozilla.org version 1.0
1474542554017	addons.xpi	DEBUG	Registering manifest for C:\Program Files (x86)\Mozilla Firefox\browser\features\firefox@getpocket.com.xpi
1474542554020	addons.xpi	DEBUG	Calling bootstrap method startup on firefox@getpocket.com version 1.0.2
1474542554023	addons.xpi	DEBUG	Registering manifest for C:\Program Files (x86)\Mozilla Firefox\browser\features\loop@mozilla.org.xpi
1474542554025	addons.xpi	DEBUG	Calling bootstrap method startup on loop@mozilla.org version 1.3.2
1474542554083	addons.xpi	DEBUG	Registering manifest for C:\Program Files (x86)\Mozilla Firefox\browser\extensions\{82AF8DCA-6DE9-405D-BD5E-43525BDAD38A}.xpi
1474542554084	addons.xpi	DEBUG	Calling bootstrap method startup on {82AF8DCA-6DE9-405D-BD5E-43525BDAD38A} version 8.3.0.9150
1474542554092	addons.manager	DEBUG	Registering shutdown blocker for XPIProvider
1474542554093	addons.manager	DEBUG	Provider finished startup: XPIProvider
1474542554093	addons.manager	DEBUG	Starting provider: LightweightThemeManager
1474542554094	addons.manager	DEBUG	Registering shutdown blocker for LightweightThemeManager
1474542554094	addons.manager	DEBUG	Provider finished startup: LightweightThemeManager
1474542554096	addons.manager	DEBUG	Starting provider: GMPProvider
1474542554118	addons.manager	DEBUG	Registering shutdown blocker for GMPProvider
1474542554119	addons.manager	DEBUG	Provider finished startup: GMPProvider
1474542554119	addons.manager	DEBUG	Starting provider: PluginProvider
1474542554120	addons.manager	DEBUG	Registering shutdown blocker for PluginProvider
1474542554121	addons.manager	DEBUG	Provider finished startup: PluginProvider
1474542554122	addons.manager	DEBUG	Completed startup sequence
1474542556251	addons.manager	DEBUG	Starting provider: &lt;unnamed-provider&gt;
1474542556251	addons.manager	DEBUG	Registering shutdown blocker for &lt;unnamed-provider&gt;
1474542556252	addons.manager	DEBUG	Provider finished startup: &lt;unnamed-provider&gt;
JavaScript warning: resource://gre/modules/commonjs/toolkit/loader.js -&gt; resource://gre/modules/commonjs/sdk/system/environment.js, line 15: Proxy.create and Proxy.createFunction are deprecated, use new Proxy instead
1474542559474	DeferredSave.extensions.json	DEBUG	Write succeeded
1474542559475	addons.xpi-utils	DEBUG	XPI Database saved, setting schema version preference to 17
1474542559475	DeferredSave.extensions.json	DEBUG	Starting timer
1474542559503	DeferredSave.extensions.json	DEBUG	Starting write
1474542559526	addons.repository	DEBUG	No addons.json found.
1474542559528	DeferredSave.addons.json	DEBUG	Save changes
1474542559551	DeferredSave.addons.json	DEBUG	Starting timer
1474542567703	addons.manager	DEBUG	Starting provider: PreviousExperimentProvider
1474542567703	addons.manager	DEBUG	Registering shutdown blocker for PreviousExperimentProvider
1474542567704	addons.manager	DEBUG	Provider finished startup: PreviousExperimentProvider
1474542567712	DeferredSave.addons.json	DEBUG	Starting write
1474542567793	DeferredSave.extensions.json	DEBUG	Write succeeded
1474542568817	DeferredSave.addons.json	DEBUG	Write succeeded

Build info: version: &#039;2.53.0&#039;, revision: &#039;35ae25b1534ae328c771e0856c93e187490ca824&#039;, time: &#039;2016-03-15 10:43:46&#039;
System info: host: &#039;srinivas&#039;, ip: &#039;192.168.70.1&#039;, os.name: &#039;Windows 8.1&#039;, os.arch: &#039;amd64&#039;, os.version: &#039;6.3&#039;, java.version: &#039;1.8.0_65&#039;
Driver info: driver.version: FirefoxDriver">
      <![CDATA[org.openqa.selenium.WebDriverException: Failed to connect to binary FirefoxBinary(C:\Program Files (x86)\Mozilla Firefox\firefox.exe) on port 7055; process output follows: 
护","description":"使用 Kaspersky Lab 的扩展功能对您的互�?�网的�?护。","creator":null,"homepageURL":null},{"locales":["zh-Hant"],"name":"�?�巴斯基防護","description":"使用�?�巴斯基實驗室的延伸功能�?您的網際網路的防護。","creator":null,"homepageURL":null}],"targetApplications":[{"id":"{ec8030f7-c20a-464f-9b0e-13a3a9e97384}","minVersion":"38.0a1","maxVersion":"43.0"}],"targetPlatforms":[],"multiprocessCompatible":false,"signedState":1,"seen":true}
1474542554003	DeferredSave.extensions.json	DEBUG	Save changes
1474542554003	addons.xpi	DEBUG	Updating database with changes to installed add-ons
1474542554003	addons.xpi-utils	DEBUG	Updating add-on states
1474542554006	addons.xpi-utils	DEBUG	Writing add-ons list
1474542554015	addons.xpi	DEBUG	Registering manifest for C:\Program Files (x86)\Mozilla Firefox\browser\features\e10srollout@mozilla.org.xpi
1474542554017	addons.xpi	DEBUG	Calling bootstrap method startup on e10srollout@mozilla.org version 1.0
1474542554017	addons.xpi	DEBUG	Registering manifest for C:\Program Files (x86)\Mozilla Firefox\browser\features\firefox@getpocket.com.xpi
1474542554020	addons.xpi	DEBUG	Calling bootstrap method startup on firefox@getpocket.com version 1.0.2
1474542554023	addons.xpi	DEBUG	Registering manifest for C:\Program Files (x86)\Mozilla Firefox\browser\features\loop@mozilla.org.xpi
1474542554025	addons.xpi	DEBUG	Calling bootstrap method startup on loop@mozilla.org version 1.3.2
1474542554083	addons.xpi	DEBUG	Registering manifest for C:\Program Files (x86)\Mozilla Firefox\browser\extensions\{82AF8DCA-6DE9-405D-BD5E-43525BDAD38A}.xpi
1474542554084	addons.xpi	DEBUG	Calling bootstrap method startup on {82AF8DCA-6DE9-405D-BD5E-43525BDAD38A} version 8.3.0.9150
1474542554092	addons.manager	DEBUG	Registering shutdown blocker for XPIProvider
1474542554093	addons.manager	DEBUG	Provider finished startup: XPIProvider
1474542554093	addons.manager	DEBUG	Starting provider: LightweightThemeManager
1474542554094	addons.manager	DEBUG	Registering shutdown blocker for LightweightThemeManager
1474542554094	addons.manager	DEBUG	Provider finished startup: LightweightThemeManager
1474542554096	addons.manager	DEBUG	Starting provider: GMPProvider
1474542554118	addons.manager	DEBUG	Registering shutdown blocker for GMPProvider
1474542554119	addons.manager	DEBUG	Provider finished startup: GMPProvider
1474542554119	addons.manager	DEBUG	Starting provider: PluginProvider
1474542554120	addons.manager	DEBUG	Registering shutdown blocker for PluginProvider
1474542554121	addons.manager	DEBUG	Provider finished startup: PluginProvider
1474542554122	addons.manager	DEBUG	Completed startup sequence
1474542556251	addons.manager	DEBUG	Starting provider: <unnamed-provider>
1474542556251	addons.manager	DEBUG	Registering shutdown blocker for <unnamed-provider>
1474542556252	addons.manager	DEBUG	Provider finished startup: <unnamed-provider>
JavaScript warning: resource://gre/modules/commonjs/toolkit/loader.js -> resource://gre/modules/commonjs/sdk/system/environment.js, line 15: Proxy.create and Proxy.createFunction are deprecated, use new Proxy instead
1474542559474	DeferredSave.extensions.json	DEBUG	Write succeeded
1474542559475	addons.xpi-utils	DEBUG	XPI Database saved, setting schema version preference to 17
1474542559475	DeferredSave.extensions.json	DEBUG	Starting timer
1474542559503	DeferredSave.extensions.json	DEBUG	Starting write
1474542559526	addons.repository	DEBUG	No addons.json found.
1474542559528	DeferredSave.addons.json	DEBUG	Save changes
1474542559551	DeferredSave.addons.json	DEBUG	Starting timer
1474542567703	addons.manager	DEBUG	Starting provider: PreviousExperimentProvider
1474542567703	addons.manager	DEBUG	Registering shutdown blocker for PreviousExperimentProvider
1474542567704	addons.manager	DEBUG	Provider finished startup: PreviousExperimentProvider
1474542567712	DeferredSave.addons.json	DEBUG	Starting write
1474542567793	DeferredSave.extensions.json	DEBUG	Write succeeded
1474542568817	DeferredSave.addons.json	DEBUG	Write succeeded

Build info: version: '2.53.0', revision: '35ae25b1534ae328c771e0856c93e187490ca824', time: '2016-03-15 10:43:46'
System info: host: 'srinivas', ip: '192.168.70.1', os.name: 'Windows 8.1', os.arch: 'amd64', os.version: '6.3', java.version: '1.8.0_65'
Driver info: driver.version: FirefoxDriver
	at org.openqa.selenium.firefox.internal.NewProfileExtensionConnection.start(NewProfileExtensionConnection.java:125)
	at org.openqa.selenium.firefox.FirefoxDriver.startClient(FirefoxDriver.java:271)
	at org.openqa.selenium.remote.RemoteWebDriver.<init>(RemoteWebDriver.java:119)
	at org.openqa.selenium.firefox.FirefoxDriver.<init>(FirefoxDriver.java:216)
	at org.openqa.selenium.firefox.FirefoxDriver.<init>(FirefoxDriver.java:211)
	at org.openqa.selenium.firefox.FirefoxDriver.<init>(FirefoxDriver.java:207)
	at org.openqa.selenium.firefox.FirefoxDriver.<init>(FirefoxDriver.java:120)
	at com.sample.selenium.test.SampleClassTest.beforeMethod(SampleClassTest.java:21)
	at sun.reflect.NativeMethodAccessorImpl.invoke0(Native Method)
	at sun.reflect.NativeMethodAccessorImpl.invoke(NativeMethodAccessorImpl.java:62)
	at sun.reflect.DelegatingMethodAccessorImpl.invoke(DelegatingMethodAccessorImpl.java:43)
	at java.lang.reflect.Method.invoke(Method.java:497)
	at org.testng.internal.MethodInvocationHelper.invokeMethod(MethodInvocationHelper.java:80)
	at org.testng.internal.Invoker.invokeConfigurationMethod(Invoker.java:564)
	at org.testng.internal.Invoker.invokeConfigurations(Invoker.java:213)
	at org.testng.internal.Invoker.invokeMethod(Invoker.java:653)
	at org.testng.internal.Invoker.invokeTestMethod(Invoker.java:901)
	at org.testng.internal.Invoker.invokeTestMethods(Invoker.java:1231)
	at org.testng.internal.TestMethodWorker.invokeTestMethods(TestMethodWorker.java:127)
	at org.testng.internal.TestMethodWorker.run(TestMethodWorker.java:111)
	at org.testng.TestRunner.privateRun(TestRunner.java:767)
	at org.testng.TestRunner.run(TestRunner.java:617)
	at org.testng.SuiteRunner.runTest(SuiteRunner.java:334)
	at org.testng.SuiteRunner.runSequentially(SuiteRunner.java:329)
	at org.testng.SuiteRunner.privateRun(SuiteRunner.java:291)
	at org.testng.SuiteRunner.run(SuiteRunner.java:240)
	at org.testng.SuiteRunnerWorker.runSuite(SuiteRunnerWorker.java:52)
	at org.testng.SuiteRunnerWorker.run(SuiteRunnerWorker.java:86)
	at org.testng.TestNG.runSuitesSequentially(TestNG.java:1198)
	at org.testng.TestNG.runSuitesLocally(TestNG.java:1123)
	at org.testng.TestNG.run(TestNG.java:1031)
	at org.testng.remote.AbstractRemoteTestNG.run(AbstractRemoteTestNG.java:126)
	at org.testng.remote.RemoteTestNG.initAndRun(RemoteTestNG.java:152)
	at org.testng.remote.RemoteTestNG.main(RemoteTestNG.java:57)
Caused by: org.openqa.selenium.firefox.NotConnectedException: Unable to connect to host 127.0.0.1 on port 7055 after 45000 ms. Firefox console output:
护","description":"使用 Kaspersky Lab 的扩展功能对您的互�?�网的�?护。","creator":null,"homepageURL":null},{"locales":["zh-Hant"],"name":"�?�巴斯基防護","description":"使用�?�巴斯基實驗室的延伸功能�?您的網際網路的防護。","creator":null,"homepageURL":null}],"targetApplications":[{"id":"{ec8030f7-c20a-464f-9b0e-13a3a9e97384}","minVersion":"38.0a1","maxVersion":"43.0"}],"targetPlatforms":[],"multiprocessCompatible":false,"signedState":1,"seen":true}
1474542554003	DeferredSave.extensions.json	DEBUG	Save changes
1474542554003	addons.xpi	DEBUG	Updating database with changes to installed add-ons
1474542554003	addons.xpi-utils	DEBUG	Updating add-on states
1474542554006	addons.xpi-utils	DEBUG	Writing add-ons list
1474542554015	addons.xpi	DEBUG	Registering manifest for C:\Program Files (x86)\Mozilla Firefox\browser\features\e10srollout@mozilla.org.xpi
1474542554017	addons.xpi	DEBUG	Calling bootstrap method startup on e10srollout@mozilla.org version 1.0
1474542554017	addons.xpi	DEBUG	Registering manifest for C:\Program Files (x86)\Mozilla Firefox\browser\features\firefox@getpocket.com.xpi
1474542554020	addons.xpi	DEBUG	Calling bootstrap method startup on firefox@getpocket.com version 1.0.2
1474542554023	addons.xpi	DEBUG	Registering manifest for C:\Program Files (x86)\Mozilla Firefox\browser\features\loop@mozilla.org.xpi
1474542554025	addons.xpi	DEBUG	Calling bootstrap method startup on loop@mozilla.org version 1.3.2
1474542554083	addons.xpi	DEBUG	Registering manifest for C:\Program Files (x86)\Mozilla Firefox\browser\extensions\{82AF8DCA-6DE9-405D-BD5E-43525BDAD38A}.xpi
1474542554084	addons.xpi	DEBUG	Calling bootstrap method startup on {82AF8DCA-6DE9-405D-BD5E-43525BDAD38A} version 8.3.0.9150
1474542554092	addons.manager	DEBUG	Registering shutdown blocker for XPIProvider
1474542554093	addons.manager	DEBUG	Provider finished startup: XPIProvider
1474542554093	addons.manager	DEBUG	Starting provider: LightweightThemeManager
1474542554094	addons.manager	DEBUG	Registering shutdown blocker for LightweightThemeManager
1474542554094	addons.manager	DEBUG	Provider finished startup: LightweightThemeManager
1474542554096	addons.manager	DEBUG	Starting provider: GMPProvider
1474542554118	addons.manager	DEBUG	Registering shutdown blocker for GMPProvider
1474542554119	addons.manager	DEBUG	Provider finished startup: GMPProvider
1474542554119	addons.manager	DEBUG	Starting provider: PluginProvider
1474542554120	addons.manager	DEBUG	Registering shutdown blocker for PluginProvider
1474542554121	addons.manager	DEBUG	Provider finished startup: PluginProvider
1474542554122	addons.manager	DEBUG	Completed startup sequence
1474542556251	addons.manager	DEBUG	Starting provider: <unnamed-provider>
1474542556251	addons.manager	DEBUG	Registering shutdown blocker for <unnamed-provider>
1474542556252	addons.manager	DEBUG	Provider finished startup: <unnamed-provider>
JavaScript warning: resource://gre/modules/commonjs/toolkit/loader.js -> resource://gre/modules/commonjs/sdk/system/environment.js, line 15: Proxy.create and Proxy.createFunction are deprecated, use new Proxy instead
1474542559474	DeferredSave.extensions.json	DEBUG	Write succeeded
1474542559475	addons.xpi-utils	DEBUG	XPI Database saved, setting schema version preference to 17
1474542559475	DeferredSave.extensions.json	DEBUG	Starting timer
1474542559503	DeferredSave.extensions.json	DEBUG	Starting write
1474542559526	addons.repository	DEBUG	No addons.json found.
1474542559528	DeferredSave.addons.json	DEBUG	Save changes
1474542559551	DeferredSave.addons.json	DEBUG	Starting timer
1474542567703	addons.manager	DEBUG	Starting provider: PreviousExperimentProvider
1474542567703	addons.manager	DEBUG	Registering shutdown blocker for PreviousExperimentProvider
1474542567704	addons.manager	DEBUG	Provider finished startup: PreviousExperimentProvider
1474542567712	DeferredSave.addons.json	DEBUG	Starting write
1474542567793	DeferredSave.extensions.json	DEBUG	Write succeeded
1474542568817	DeferredSave.addons.json	DEBUG	Write succeeded

	at org.openqa.selenium.firefox.internal.NewProfileExtensionConnection.start(NewProfileExtensionConnection.java:113)
	... 33 more
]]>
    </failure>
  </testcase> <!-- test2 -->
</testsuite> <!-- com.sample.selenium.test.SampleClassTest -->
